<?xml version="1.0" encoding="UTF-8"?>
<!-- Generated by org.testng.reporters.JUnitReportReporter -->
<testsuite hostname="RST8" failures="0" tests="1" name="ExcelUitlsTestObjects.PageTestRegistrationLogin" time="49.025" errors="0" timestamp="2021-02-10T14:08:20 IST" skipped="0">
  <testcase classname="ExcelUitlsTestObjects.PageTestRegistrationLogin" name="Registration" time="49.025"/>
  <system-out/>
</testsuite> <!-- ExcelUitlsTestObjects.PageTestRegistrationLogin -->
