<?xml version="1.0" encoding="UTF-8"?>
<!-- Generated by org.testng.reporters.JUnitReportReporter -->
<testsuite hostname="RST8" failures="0" tests="1" name="testCases.TC003_ProductCheckout" time="141.382" errors="0" timestamp="2021-02-16T11:38:29 IST" skipped="0">
  <testcase classname="testCases.TC003_ProductCheckout" name="checkout" time="141.382"/>
  <system-out/>
</testsuite> <!-- testCases.TC003_ProductCheckout -->
