<?xml version="1.0" encoding="UTF-8"?>
<!-- Generated by org.testng.reporters.JUnitReportReporter -->
<testsuite hostname="RST8" failures="0" tests="1" name="ExcelUitlsTestObjects.PageTestRegistrationLogin2" time="27.620" errors="0" timestamp="2021-02-10T14:56:28 IST" skipped="0">
  <testcase classname="ExcelUitlsTestObjects.PageTestRegistrationLogin2" name="Registration" time="27.620"/>
  <system-out/>
</testsuite> <!-- ExcelUitlsTestObjects.PageTestRegistrationLogin2 -->
