<?xml version="1.0" encoding="UTF-8"?>
<!-- Generated by org.testng.reporters.JUnitReportReporter -->
<testsuite hostname="RST8" failures="0" tests="2" name="pageCassio.pageTestRegistration" time="83.842" errors="0" timestamp="2021-02-03T11:15:51 IST" skipped="0">
  <testcase classname="pageCassio.pageTestRegistration" name="Registration" time="42.930"/>
  <system-out/>
  <testcase classname="pageCassio.pageTestRegistration" name="Login" time="40.912"/>
  <system-out/>
</testsuite> <!-- pageCassio.pageTestRegistration -->
